<?xml version="1.0" encoding="UTF-8"?>
<!-- Generated by org.testng.reporters.JUnitXMLReporter -->
<testsuite hostname="Sakeths-MBP.austin.rr.com" ignored="0" name="Test" tests="11" failures="0" timestamp="07 Jan 2021 23:14:08 GMT" time="367.323" errors="0">
  <testcase name="DuplicationQuestionTest" time="33.32" classname="SampleQG.DuplicationQuestion"/>
  <testcase name="AskCheckFeedTest" time="28.518" classname="SampleQG.AskCheckFeed"/>
  <testcase name="AskAnswerDisLikeTest" time="37.711" classname="SampleQG.AskAnswerDisLike"/>
  <testcase name="askAnswerLikeTest" time="43.659" classname="SampleQG.askQuestionLike"/>
  <testcase name="RegisterNewUserTest" time="9.186" classname="SampleQG.RegisterNewUser"/>
  <testcase name="RegisterRandomNewUserTest" time="9.075" classname="SampleQG.RegisterRandomNewUser"/>
  <testcase name="VerifyNewCommenTest" time="20.076" classname="SampleQG.VerifyNewComment"/>
  <testcase name="VerifyNotificationTest" time="30.39" classname="SampleQG.VerifyNotification"/>
  <testcase name="AskAnswerCheckFeedTest" time="43.678" classname="SampleQG.AskAnswerCheckFeed"/>
  <testcase name="FollowerFolloweeTest" time="37.395" classname="SampleQG.FollowerFollowee"/>
  <testcase name="AskDeleteVerifyTest" time="36.933" classname="SampleQG.AskDelete"/>
</testsuite> <!-- Test -->
