<?xml version="1.0" encoding="UTF-8"?>
<testsuite xmlns:xsi="http://www.w3.org/2001/XMLSchema-instance" xsi:noNamespaceSchemaLocation="https://maven.apache.org/surefire/maven-surefire-plugin/xsd/surefire-test-report.xsd" name="TestSuite" time="367.767" tests="11" errors="0" skipped="0" failures="0">
  <properties>
[...]
</properties>
  <testcase name="DuplicationQuestionTest" classname="SampleQG.DuplicationQuestion" time="33.323"/>
  <testcase name="AskCheckFeedTest" classname="SampleQG.AskCheckFeed" time="28.517"/>
  <testcase name="AskAnswerDisLikeTest" classname="SampleQG.AskAnswerDisLike" time="37.713"/>
  <testcase name="askAnswerLikeTest" classname="SampleQG.askQuestionLike" time="43.658"/>
  <testcase name="RegisterNewUserTest" classname="SampleQG.RegisterNewUser" time="9.186"/>
  <testcase name="RegisterRandomNewUserTest" classname="SampleQG.RegisterRandomNewUser" time="9.075"/>
  <testcase name="VerifyNewCommenTest" classname="SampleQG.VerifyNewComment" time="20.076"/>
  <testcase name="VerifyNotificationTest" classname="SampleQG.VerifyNotification" time="30.391"/>
  <testcase name="AskAnswerCheckFeedTest" classname="SampleQG.AskAnswerCheckFeed" time="43.678"/>
  <testcase name="FollowerFolloweeTest" classname="SampleQG.FollowerFollowee" time="37.395"/>
  <testcase name="AskDeleteVerifyTest" classname="SampleQG.AskDelete" time="36.935"/>
</testsuite>